Using pre-set license
Built from '2021.3/staging' branch; Version is '2021.3.13f1 (9e7d58001ecf) revision 10386776'; Using compiler version '192829333'; Build Type 'Release'
OS: 'Windows 10  (10.0.19044) 64bit Professional' Language: 'ru' Physical Memory: 7489 MB
BatchMode: 1, IsHumanControllingUs: 0, StartBugReporterOnCrash: 0, Is64bit: 1, IsPro: 1

COMMAND LINE ARGUMENTS:
C:\Program Files\Unity\Hub\Editor\2021.3.13f1\Editor\Unity.exe
-adb2
-batchMode
-noUpm
-name
AssetImportWorker7
-projectPath
C:/Users/User/My project (2)
-logFile
Logs/AssetImportWorker7.log
-srvPort
49722
Successfully changed project path to: C:/Users/User/My project (2)
C:/Users/User/My project (2)
[UnityMemory] Configuration Parameters - Can be set up in boot.config
    "memorysetup-bucket-allocator-granularity=16"
    "memorysetup-bucket-allocator-bucket-count=8"
    "memorysetup-bucket-allocator-block-size=33554432"
    "memorysetup-bucket-allocator-block-count=8"
    "memorysetup-main-allocator-block-size=16777216"
    "memorysetup-thread-allocator-block-size=16777216"
    "memorysetup-gfx-main-allocator-block-size=16777216"
    "memorysetup-gfx-thread-allocator-block-size=16777216"
    "memorysetup-cache-allocator-block-size=4194304"
    "memorysetup-typetree-allocator-block-size=2097152"
    "memorysetup-profiler-bucket-allocator-granularity=16"
    "memorysetup-profiler-bucket-allocator-bucket-count=8"
    "memorysetup-profiler-bucket-allocator-block-size=33554432"
    "memorysetup-profiler-bucket-allocator-block-count=8"
    "memorysetup-profiler-allocator-block-size=16777216"
    "memorysetup-profiler-editor-allocator-block-size=1048576"
    "memorysetup-temp-allocator-size-main=16777216"
    "memorysetup-job-temp-allocator-block-size=2097152"
    "memorysetup-job-temp-allocator-block-size-background=1048576"
    "memorysetup-job-temp-allocator-reduction-small-platforms=262144"
    "memorysetup-temp-allocator-size-background-worker=32768"
    "memorysetup-temp-allocator-size-job-worker=262144"
    "memorysetup-temp-allocator-size-preload-manager=33554432"
    "memorysetup-temp-allocator-size-nav-mesh-worker=65536"
    "memorysetup-temp-allocator-size-audio-worker=65536"
    "memorysetup-temp-allocator-size-cloud-worker=32768"
    "memorysetup-temp-allocator-size-gi-baking-worker=262144"
    "memorysetup-temp-allocator-size-gfx=262144"
Refreshing native plugins compatible for Editor in 196.54 ms, found 3 plugins.
Preloading 0 native plugins for Editor in 0.00 ms.
Initialize engine version: 2021.3.13f1 (9e7d58001ecf)
[Subsystems] Discovering subsystems at path C:/Program Files/Unity/Hub/Editor/2021.3.13f1/Editor/Data/Resources/UnitySubsystems
[Subsystems] Discovering subsystems at path C:/Users/User/My project (2)/Assets
GfxDevice: creating device client; threaded=0; jobified=0
Direct3D:
    Version:  Direct3D 11.0 [level 11.1]
    Renderer: AMD Radeon(TM) Graphics (ID=0x1638)
    Vendor:   ATI
    VRAM:     3744 MB
    Driver:   31.0.12016.3004
Initialize mono
Mono path[0] = 'C:/Program Files/Unity/Hub/Editor/2021.3.13f1/Editor/Data/Managed'
Mono path[1] = 'C:/Program Files/Unity/Hub/Editor/2021.3.13f1/Editor/Data/MonoBleedingEdge/lib/mono/unityjit-win32'
Mono config path = 'C:/Program Files/Unity/Hub/Editor/2021.3.13f1/Editor/Data/MonoBleedingEdge/etc'
Using monoOptions --debugger-agent=transport=dt_socket,embedding=1,server=y,suspend=n,address=127.0.0.1:56608
Begin MonoManager ReloadAssembly
Registering precompiled unity dll's ...
Register platform support module: C:/Program Files/Unity/Hub/Editor/2021.3.13f1/Editor/Data/PlaybackEngines/AndroidPlayer/UnityEditor.Android.Extensions.dll
Register platform support module: C:/Program Files/Unity/Hub/Editor/2021.3.13f1/Editor/Data/PlaybackEngines/WindowsStandaloneSupport/UnityEditor.WindowsStandalone.Extensions.dll
Registered in 0.074332 seconds.
Native extension for WindowsStandalone target not found
Native extension for Android target not found
Refreshing native plugins compatible for Editor in 178.18 ms, found 3 plugins.
Preloading 0 native plugins for Editor in 0.00 ms.
Mono: successfully reloaded assembly
- Completed reload, in  1.925 seconds
Domain Reload Profiling:
	ReloadAssembly (1926ms)
		BeginReloadAssembly (382ms)
			ExecutionOrderSort (0ms)
			DisableScriptedObjects (0ms)
			BackupInstance (0ms)
			ReleaseScriptingObjects (0ms)
			CreateAndSetChildDomain (2ms)
		EndReloadAssembly (1125ms)
			LoadAssemblies (368ms)
			RebuildTransferFunctionScriptingTraits (0ms)
			SetupTypeCache (263ms)
			ReleaseScriptCaches (0ms)
			RebuildScriptCaches (55ms)
			SetupLoadedEditorAssemblies (655ms)
				LogAssemblyErrors (0ms)
				InitializePlatformSupportModulesInManaged (149ms)
				SetLoadedEditorAssemblies (0ms)
				RefreshPlugins (178ms)
				BeforeProcessingInitializeOnLoad (3ms)
				ProcessInitializeOnLoadAttributes (224ms)
				ProcessInitializeOnLoadMethodAttributes (100ms)
				AfterProcessingInitializeOnLoad (0ms)
				EditorAssembliesLoaded (0ms)
			ExecutionOrderSort2 (0ms)
			AwakeInstancesAfterBackupRestoration (0ms)
Platform modules already initialized, skipping
Registering precompiled user dll's ...
Registered in 0.042821 seconds.
Begin MonoManager ReloadAssembly
Symbol file LoadedFromMemory doesn't match image C:\Users\User\My project (2)\Library\PackageCache\com.unity.visualscripting@1.7.8\Editor\VisualScripting.Core\Dependencies\YamlDotNet\Unity.VisualScripting.YamlDotNet.dll
Symbol file LoadedFromMemory doesn't match image C:\Users\User\My project (2)\Library\PackageCache\com.unity.visualscripting@1.7.8\Editor\VisualScripting.Core\Dependencies\DotNetZip\Unity.VisualScripting.IonicZip.dll
Native extension for WindowsStandalone target not found
Native extension for Android target not found
Refreshing native plugins compatible for Editor in 1.54 ms, found 3 plugins.
Preloading 0 native plugins for Editor in 0.00 ms.
Mono: successfully reloaded assembly
- Completed reload, in  2.749 seconds
Domain Reload Profiling:
	ReloadAssembly (2750ms)
		BeginReloadAssembly (410ms)
			ExecutionOrderSort (0ms)
			DisableScriptedObjects (13ms)
			BackupInstance (0ms)
			ReleaseScriptingObjects (0ms)
			CreateAndSetChildDomain (145ms)
		EndReloadAssembly (2006ms)
			LoadAssemblies (313ms)
			RebuildTransferFunctionScriptingTraits (0ms)
			SetupTypeCache (536ms)
			ReleaseScriptCaches (1ms)
			RebuildScriptCaches (99ms)
			SetupLoadedEditorAssemblies (982ms)
				LogAssemblyErrors (0ms)
				InitializePlatformSupportModulesInManaged (48ms)
				SetLoadedEditorAssemblies (1ms)
				RefreshPlugins (2ms)
				BeforeProcessingInitializeOnLoad (301ms)
				ProcessInitializeOnLoadAttributes (503ms)
				ProcessInitializeOnLoadMethodAttributes (72ms)
				AfterProcessingInitializeOnLoad (55ms)
				EditorAssembliesLoaded (0ms)
			ExecutionOrderSort2 (0ms)
			AwakeInstancesAfterBackupRestoration (15ms)
Platform modules already initialized, skipping
========================================================================
Worker process is ready to serve import requests
Shader 'SimpleURPToonLitExample(With Outline)': fallback shader 'Hidden/Universal Render Pipeline/FallbackError' not found
Shader 'SimpleURPToonLitExample(With Outline)': fallback shader 'Hidden/Universal Render Pipeline/FallbackError' not found
Launched and connected shader compiler UnityShaderCompiler.exe after 0.36 seconds
Refreshing native plugins compatible for Editor in 1.19 ms, found 3 plugins.
Preloading 0 native plugins for Editor in 0.00 ms.
Unloading 3504 Unused Serialized files (Serialized files now loaded: 0)
Unloading 40 unused Assets / (1.4 MB). Loaded Objects now: 3965.
Memory consumption went from 138.0 MB to 136.5 MB.
Total: 7.287900 ms (FindLiveObjects: 0.454400 ms CreateObjectMapping: 0.381400 ms MarkObjects: 5.764100 ms  DeleteObjects: 0.686300 ms)

AssetImportParameters requested are different than current active one (requested -> active):
  custom:video-decoder-ogg-theora: a1e56fd34408186e4bbccfd4996cb3dc -> 
  custom:container-muxer-webm: aa71ff27fc2769a1b78a27578f13a17b -> 
  custom:container-demuxer-webm: 4f35f7cbe854078d1ac9338744f61a02 -> 
  custom:video-encoder-webm-vp8: eb34c28f22e8b96e1ab97ce403110664 -> 
  custom:audio-encoder-webm-vorbis: bf7c407c2cedff20999df2af8eb42d56 -> 
  custom:framework-win-MediaFoundation: 216162199b28c13a410421893ffa2e32 -> 
  custom:container-demuxer-ogg: 62fdf1f143b41e24485cea50d1cbac27 -> 
  custom:video-decoder-webm-vp8: 9c59270c3fd7afecdb556c50c9e8de78 -> 
  custom:audio-decoder-ogg-vorbis: bf7c407c2cedff20999df2af8eb42d56 -> 
========================================================================
Received Import Request.
  Time since last request: 867947.125545 seconds.
  path: Assets/SineVFX/TranslucentCrystals/Prefabs/Crystalsv04.prefab
  artifactKey: Guid(ff31047102e4ad54da5383aa244844cf) Importer(815301076,1909f56bfc062723c751e8b465ee728b)
Start importing Assets/SineVFX/TranslucentCrystals/Prefabs/Crystalsv04.prefab using Guid(ff31047102e4ad54da5383aa244844cf) Importer(815301076,1909f56bfc062723c751e8b465ee728b)  -> (artifact id: '5e248e10dc0c2ddd6febcf4e372e30f8') in 0.438980 seconds 
========================================================================
Received Import Request.
  Time since last request: 21.358487 seconds.
  path: Assets/SineVFX/TranslucentCrystals/Resources/EnvironmentMaterials/PrototypeGridv01.mat
  artifactKey: Guid(cce4daf3bbd4bcb4fab49b956ee8af2f) Importer(815301076,1909f56bfc062723c751e8b465ee728b)
Start importing Assets/SineVFX/TranslucentCrystals/Resources/EnvironmentMaterials/PrototypeGridv01.mat using Guid(cce4daf3bbd4bcb4fab49b956ee8af2f) Importer(815301076,1909f56bfc062723c751e8b465ee728b)  -> (artifact id: '9a69d4c92736d68ed8d6199979af865d') in 0.104008 seconds 
========================================================================
Received Import Request.
  Time since last request: 0.000063 seconds.
  path: Assets/SineVFX/TranslucentCrystals/Resources/EnvironmentMaterials/Skybox_Day.mat
  artifactKey: Guid(73c00744bc226f74c8d248993a5c21c3) Importer(815301076,1909f56bfc062723c751e8b465ee728b)
Start importing Assets/SineVFX/TranslucentCrystals/Resources/EnvironmentMaterials/Skybox_Day.mat using Guid(73c00744bc226f74c8d248993a5c21c3) Importer(815301076,1909f56bfc062723c751e8b465ee728b)  -> (artifact id: '45851696641859a0ef2f28654a166089') in 0.028245 seconds 
========================================================================
Received Import Request.
  Time since last request: 44.033623 seconds.
  path: Assets/SineVFX/TranslucentCrystals/Prefabs/Gamma/Crystalsv04.prefab
  artifactKey: Guid(83c0a85ae9c29184883b2866a6224b0d) Importer(815301076,1909f56bfc062723c751e8b465ee728b)
Start importing Assets/SineVFX/TranslucentCrystals/Prefabs/Gamma/Crystalsv04.prefab using Guid(83c0a85ae9c29184883b2866a6224b0d) Importer(815301076,1909f56bfc062723c751e8b465ee728b)  -> (artifact id: 'fa836ee4988d78849c2a2ac733fef911') in 0.056572 seconds 
========================================================================
Received Import Request.
  Time since last request: 0.000059 seconds.
  path: Assets/SineVFX/TranslucentCrystals/Prefabs/Gamma/Crystalsv10.prefab
  artifactKey: Guid(a1b4f5aeb08a9ba409b89043963cc60b) Importer(815301076,1909f56bfc062723c751e8b465ee728b)
Start importing Assets/SineVFX/TranslucentCrystals/Prefabs/Gamma/Crystalsv10.prefab using Guid(a1b4f5aeb08a9ba409b89043963cc60b) Importer(815301076,1909f56bfc062723c751e8b465ee728b)  -> (artifact id: '8d32eedd39a0519f714698dc8b91fb07') in 0.731574 seconds 
========================================================================
Received Prepare
Registering precompiled user dll's ...
Registered in 0.009550 seconds.
Begin MonoManager ReloadAssembly
Symbol file LoadedFromMemory doesn't match image C:\Users\User\My project (2)\Library\PackageCache\com.unity.visualscripting@1.7.8\Editor\VisualScripting.Core\Dependencies\YamlDotNet\Unity.VisualScripting.YamlDotNet.dll
Symbol file LoadedFromMemory doesn't match image C:\Users\User\My project (2)\Library\PackageCache\com.unity.visualscripting@1.7.8\Editor\VisualScripting.Core\Dependencies\DotNetZip\Unity.VisualScripting.IonicZip.dll
Native extension for WindowsStandalone target not found
Native extension for Android target not found
Refreshing native plugins compatible for Editor in 1.41 ms, found 3 plugins.
Preloading 0 native plugins for Editor in 0.00 ms.
Mono: successfully reloaded assembly
- Completed reload, in  1.891 seconds
Domain Reload Profiling:
	ReloadAssembly (1892ms)
		BeginReloadAssembly (272ms)
			ExecutionOrderSort (0ms)
			DisableScriptedObjects (7ms)
			BackupInstance (0ms)
			ReleaseScriptingObjects (0ms)
			CreateAndSetChildDomain (77ms)
		EndReloadAssembly (1417ms)
			LoadAssemblies (186ms)
			RebuildTransferFunctionScriptingTraits (0ms)
			SetupTypeCache (469ms)
			ReleaseScriptCaches (3ms)
			RebuildScriptCaches (69ms)
			SetupLoadedEditorAssemblies (629ms)
				LogAssemblyErrors (0ms)
				InitializePlatformSupportModulesInManaged (40ms)
				SetLoadedEditorAssemblies (1ms)
				RefreshPlugins (1ms)
				BeforeProcessingInitializeOnLoad (174ms)
				ProcessInitializeOnLoadAttributes (323ms)
				ProcessInitializeOnLoadMethodAttributes (57ms)
				AfterProcessingInitializeOnLoad (32ms)
				EditorAssembliesLoaded (1ms)
			ExecutionOrderSort2 (0ms)
			AwakeInstancesAfterBackupRestoration (13ms)
Platform modules already initialized, skipping
Shader 'SimpleURPToonLitExample(With Outline)': fallback shader 'Hidden/Universal Render Pipeline/FallbackError' not found
Shader 'SimpleURPToonLitExample(With Outline)': fallback shader 'Hidden/Universal Render Pipeline/FallbackError' not found
Refreshing native plugins compatible for Editor in 2.62 ms, found 3 plugins.
Preloading 0 native plugins for Editor in 0.00 ms.
Unloading 3455 Unused Serialized files (Serialized files now loaded: 0)
Unloading 33 unused Assets / (1.4 MB). Loaded Objects now: 4009.
Memory consumption went from 137.9 MB to 136.5 MB.
Total: 4.767300 ms (FindLiveObjects: 0.320400 ms CreateObjectMapping: 0.214700 ms MarkObjects: 3.664100 ms  DeleteObjects: 0.565900 ms)

AssetImportParameters requested are different than current active one (requested -> active):
  custom:video-decoder-ogg-theora: a1e56fd34408186e4bbccfd4996cb3dc -> 
  custom:container-muxer-webm: aa71ff27fc2769a1b78a27578f13a17b -> 
  custom:container-demuxer-webm: 4f35f7cbe854078d1ac9338744f61a02 -> 
  custom:video-encoder-webm-vp8: eb34c28f22e8b96e1ab97ce403110664 -> 
  custom:audio-encoder-webm-vorbis: bf7c407c2cedff20999df2af8eb42d56 -> 
  custom:framework-win-MediaFoundation: 216162199b28c13a410421893ffa2e32 -> 
  custom:container-demuxer-ogg: 62fdf1f143b41e24485cea50d1cbac27 -> 
  custom:video-decoder-webm-vp8: 9c59270c3fd7afecdb556c50c9e8de78 -> 
  custom:audio-decoder-ogg-vorbis: bf7c407c2cedff20999df2af8eb42d56 -> 
========================================================================
Received Import Request.
  Time since last request: 584.651450 seconds.
  path: Assets/SineVFX/TranslucentCrystals/Resources/Textures/Ramps/Ramp02.png
  artifactKey: Guid(33b9f1f8cdf36764ba2055c533bf840c) Importer(815301076,1909f56bfc062723c751e8b465ee728b)
Start importing Assets/SineVFX/TranslucentCrystals/Resources/Textures/Ramps/Ramp02.png using Guid(33b9f1f8cdf36764ba2055c533bf840c) Importer(815301076,1909f56bfc062723c751e8b465ee728b)  -> (artifact id: '59d9e37661d4ec949fadba90584ec7c5') in 0.051687 seconds 
========================================================================
Received Import Request.
  Time since last request: 0.021973 seconds.
  path: Assets/SineVFX/TranslucentCrystals/Resources/Textures/Ramps/Ramp05.png
  artifactKey: Guid(abb7aa6a3dcf95847a943519b29ec1d6) Importer(815301076,1909f56bfc062723c751e8b465ee728b)
Start importing Assets/SineVFX/TranslucentCrystals/Resources/Textures/Ramps/Ramp05.png using Guid(abb7aa6a3dcf95847a943519b29ec1d6) Importer(815301076,1909f56bfc062723c751e8b465ee728b)  -> (artifact id: 'd0a644d8e8d6bf400b9ede6ab1d2d7a1') in 0.008999 seconds 
========================================================================
Received Import Request.
  Time since last request: 0.060757 seconds.
  path: Assets/SineVFX/TranslucentCrystals/Resources/Textures/Ramps/Ramp03.png
  artifactKey: Guid(0a7522a83361cf046839bedbd9c386c7) Importer(815301076,1909f56bfc062723c751e8b465ee728b)
Start importing Assets/SineVFX/TranslucentCrystals/Resources/Textures/Ramps/Ramp03.png using Guid(0a7522a83361cf046839bedbd9c386c7) Importer(815301076,1909f56bfc062723c751e8b465ee728b)  -> (artifact id: '3b9ef3fd41bdaca26f586fe1a0223c9a') in 0.012554 seconds 
========================================================================
Received Import Request.
  Time since last request: 0.000023 seconds.
  path: Assets/SineVFX/TranslucentCrystals/Resources/Textures/Ramps/Ramp07.png
  artifactKey: Guid(c101f99da83d80d4db8cd526fb7aca89) Importer(815301076,1909f56bfc062723c751e8b465ee728b)
Start importing Assets/SineVFX/TranslucentCrystals/Resources/Textures/Ramps/Ramp07.png using Guid(c101f99da83d80d4db8cd526fb7aca89) Importer(815301076,1909f56bfc062723c751e8b465ee728b)  -> (artifact id: 'e436abaedb358541af5bc5ff27191ae0') in 0.053623 seconds 
========================================================================
Received Import Request.
  Time since last request: 0.000045 seconds.
  path: Assets/SineVFX/TranslucentCrystals/Resources/Textures/Ramps/Ramp08.png
  artifactKey: Guid(c342b9d016cc18e40a814439d5ae360d) Importer(815301076,1909f56bfc062723c751e8b465ee728b)
Start importing Assets/SineVFX/TranslucentCrystals/Resources/Textures/Ramps/Ramp08.png using Guid(c342b9d016cc18e40a814439d5ae360d) Importer(815301076,1909f56bfc062723c751e8b465ee728b)  -> (artifact id: 'a2c494cc3c9f6c31eed09b7a107f859d') in 0.056045 seconds 
Editor requested this worker to shutdown with reason: Scaling down because of idle timeout
AssetImportWorker is now disconnected from the server
Process exiting
Exiting without the bug reporter. Application will terminate with return code 0